[14Sep2025 00:00:11.158] [Server thread/INFO] [net.minecraft.server.MinecraftServer/]: DobleTonkaa has made the advancement [Knowledge of Death]
[14Sep2025 00:00:11.164] [Server thread/INFO] [net.minecraft.server.MinecraftServer/]: DobleTonkaa has made the advancement [Ashes 'n Bones]
[14Sep2025 00:00:59.844] [Server thread/INFO] [net.minecraft.server.MinecraftServer/]: DobleTonkaa has made the advancement [Magic Writing]
[14Sep2025 00:02:25.192] [Server thread/INFO] [dev.uncandango.alltheleaks.AllTheLeaks/]: Listing events...
[14Sep2025 00:02:25.192] [Server thread/INFO] [dev.uncandango.alltheleaks.AllTheLeaks/]: Server Player Clone: 1
[14Sep2025 00:02:25.192] [Server thread/INFO] [dev.uncandango.alltheleaks.AllTheLeaks/]:   Invalid Cloned Players: 1
[14Sep2025 00:02:25.192] [Server thread/INFO] [dev.uncandango.alltheleaks.AllTheLeaks/]: Listing memory leaks so far...
[14Sep2025 00:02:25.192] [Server thread/INFO] [dev.uncandango.alltheleaks.AllTheLeaks/]: Waiting to stabilize [5/10]
[14Sep2025 00:02:25.192] [Server thread/INFO] [dev.uncandango.alltheleaks.AllTheLeaks/]: No memory leak detected!
[14Sep2025 00:06:27.370] [Server thread/INFO] [net.minecraft.server.MinecraftServer/]: DobleTonkaa has made the advancement [Getting an Upgrade]
[14Sep2025 00:12:25.257] [Server thread/INFO] [dev.uncandango.alltheleaks.AllTheLeaks/]: Listing events...
[14Sep2025 00:12:25.258] [Server thread/INFO] [dev.uncandango.alltheleaks.AllTheLeaks/]: Server Player Clone: 1
[14Sep2025 00:12:25.258] [Server thread/INFO] [dev.uncandango.alltheleaks.AllTheLeaks/]:   Invalid Cloned Players: 1
[14Sep2025 00:12:25.258] [Server thread/INFO] [dev.uncandango.alltheleaks.AllTheLeaks/]: Listing memory leaks so far...
[14Sep2025 00:12:25.260] [Server thread/INFO] [dev.uncandango.alltheleaks.AllTheLeaks/]: B: 2402MB / C: 2402MB / Diff: +0MB
[14Sep2025 00:12:25.260] [Server thread/INFO] [dev.uncandango.alltheleaks.AllTheLeaks/]: No memory leak detected!
[14Sep2025 00:22:25.306] [Server thread/INFO] [dev.uncandango.alltheleaks.AllTheLeaks/]: Listing events...
[14Sep2025 00:22:25.308] [Server thread/INFO] [dev.uncandango.alltheleaks.AllTheLeaks/]: Server Player Clone: 1
[14Sep2025 00:22:25.308] [Server thread/INFO] [dev.uncandango.alltheleaks.AllTheLeaks/]:   Invalid Cloned Players: 1
[14Sep2025 00:22:25.308] [Server thread/INFO] [dev.uncandango.alltheleaks.AllTheLeaks/]: Listing memory leaks so far...
[14Sep2025 00:22:25.308] [Server thread/INFO] [dev.uncandango.alltheleaks.AllTheLeaks/]: B: 2401MB / C: 2422MB / Diff: +21MB
[14Sep2025 00:22:25.308] [Server thread/INFO] [dev.uncandango.alltheleaks.AllTheLeaks/]: No memory leak detected!
[14Sep2025 00:27:18.757] [Server thread/INFO] [net.minecraft.server.players.PlayerList/]: PandaTrabuco[/127.204.247.96:57387] logged in with entity id 19476 at (7.5, 104.0, -31.5)
[14Sep2025 00:27:18.793] [Server thread/INFO] [net.minecraft.server.MinecraftServer/]: PandaTrabuco joined the game
[14Sep2025 00:27:19.308] [Server thread/INFO] [untamedwilds.UntamedWilds/]: Firing player login event
[14Sep2025 00:27:19.471] [Server thread/INFO] [Jade/]: Syncing config to PandaTrabuco (2b0c6db8-3765-39f2-a5e8-4183c598f747)
[14Sep2025 00:27:22.378] [Server thread/INFO] [voicechat/]: [voicechat] Received secret request of PandaTrabuco (18)
[14Sep2025 00:27:22.378] [Server thread/INFO] [voicechat/]: [voicechat] Sent secret to PandaTrabuco
[14Sep2025 00:31:24.745] [Server thread/INFO] [net.minecraft.server.MinecraftServer/]: PandaTrabuco has made the advancement [Minecraft Comes Alive]
[14Sep2025 00:31:38.596] [Server thread/INFO] [net.minecraft.server.MinecraftServer/]: PandaTrabuco has made the advancement [Crops of the Wild]
[14Sep2025 00:32:25.344] [Server thread/INFO] [dev.uncandango.alltheleaks.AllTheLeaks/]: Listing events...
[14Sep2025 00:32:25.344] [Server thread/INFO] [dev.uncandango.alltheleaks.AllTheLeaks/]: Server Player Clone: 1
[14Sep2025 00:32:25.344] [Server thread/INFO] [dev.uncandango.alltheleaks.AllTheLeaks/]:   Invalid Cloned Players: 1
[14Sep2025 00:32:25.344] [Server thread/INFO] [dev.uncandango.alltheleaks.AllTheLeaks/]: Listing memory leaks so far...
[14Sep2025 00:32:25.344] [Server thread/INFO] [dev.uncandango.alltheleaks.AllTheLeaks/]: B: 2401MB / C: 2472MB / Diff: +71MB
[14Sep2025 00:32:25.344] [Server thread/INFO] [dev.uncandango.alltheleaks.AllTheLeaks/]: No memory leak detected!
[14Sep2025 00:33:20.953] [Server thread/INFO] [net.minecraft.server.MinecraftServer/]: PandaTrabuco has made the advancement [Sweet Dreams]
[14Sep2025 00:33:54.250] [Server thread/INFO] [net.minecraft.server.MinecraftServer/]: PandaTrabuco has made the advancement [Monster Hunter]
[14Sep2025 00:37:57.910] [Server thread/WARN] [net.minecraft.server.network.ServerGamePacketListenerImpl/]: PandaTrabuco was kicked for floating too long!
[14Sep2025 00:37:57.911] [Server thread/INFO] [net.minecraft.server.network.ServerGamePacketListenerImpl/]: PandaTrabuco lost connection: Disconnected
[14Sep2025 00:37:57.911] [Server thread/INFO] [net.minecraft.server.MinecraftServer/]: PandaTrabuco left the game
[14Sep2025 00:37:57.916] [Server thread/INFO] [voicechat/]: [voicechat] Disconnecting client PandaTrabuco
[14Sep2025 00:37:57.959] [Server thread/WARN] [net.minecraft.network.Connection/]: handleDisconnection() called twice
[14Sep2025 00:38:26.177] [Server thread/INFO] [net.minecraft.server.players.PlayerList/]: PandaTrabuco[/127.204.247.96:42039] logged in with entity id 28131 at (413.8869587510445, 108.49520087700593, 22.405212887873738)
[14Sep2025 00:38:26.208] [Server thread/INFO] [net.minecraft.server.MinecraftServer/]: PandaTrabuco joined the game
[14Sep2025 00:38:26.307] [Server thread/INFO] [untamedwilds.UntamedWilds/]: Firing player login event
[14Sep2025 00:38:26.329] [Server thread/INFO] [Jade/]: Syncing config to PandaTrabuco (2b0c6db8-3765-39f2-a5e8-4183c598f747)
[14Sep2025 00:38:27.855] [Server thread/INFO] [voicechat/]: [voicechat] Received secret request of PandaTrabuco (18)
[14Sep2025 00:38:27.856] [Server thread/INFO] [voicechat/]: [voicechat] Sent secret to PandaTrabuco
[14Sep2025 00:39:46.065] [Server thread/ERROR] [net.minecraft.Util/]: POI data mismatch: already registered at BlockPos{x=647, y=-10, z=-184}
[14Sep2025 00:40:25.208] [Server thread/ERROR] [net.minecraft.Util/]: POI data mismatch: already registered at BlockPos{x=592, y=-39, z=265}
[14Sep2025 00:40:25.209] [Server thread/ERROR] [net.minecraft.Util/]: POI data mismatch: already registered at BlockPos{x=593, y=-39, z=265}
[14Sep2025 00:42:25.402] [Server thread/INFO] [dev.uncandango.alltheleaks.AllTheLeaks/]: Listing events...
[14Sep2025 00:42:25.402] [Server thread/INFO] [dev.uncandango.alltheleaks.AllTheLeaks/]: Server Player Clone: 1
[14Sep2025 00:42:25.402] [Server thread/INFO] [dev.uncandango.alltheleaks.AllTheLeaks/]:   Invalid Cloned Players: 1
[14Sep2025 00:42:25.402] [Server thread/INFO] [dev.uncandango.alltheleaks.AllTheLeaks/]: Server Player Logout: 1
[14Sep2025 00:42:25.403] [Server thread/INFO] [dev.uncandango.alltheleaks.AllTheLeaks/]: Listing memory leaks so far...
[14Sep2025 00:42:25.403] [Server thread/INFO] [dev.uncandango.alltheleaks.AllTheLeaks/]: B: 2401MB / C: 2560MB / Diff: +159MB
[14Sep2025 00:42:25.403] [Server thread/INFO] [dev.uncandango.alltheleaks.AllTheLeaks/]: Memory Leaks detected: (/atl force_refresh to update)
[14Sep2025 00:42:25.403] [Server thread/INFO] [dev.uncandango.alltheleaks.AllTheLeaks/]: | Player:
[14Sep2025 00:42:25.403] [Server thread/INFO] [dev.uncandango.alltheleaks.AllTheLeaks/]: |- ServerPlayer (minecraft): 1
[14Sep2025 00:42:25.403] [Server thread/INFO] [dev.uncandango.alltheleaks.AllTheLeaks/]: | ChunkAccess:
[14Sep2025 00:42:25.403] [Server thread/INFO] [dev.uncandango.alltheleaks.AllTheLeaks/]: |- LevelChunk (minecraft): 340
[14Sep2025 00:43:01.990] [Server thread/INFO] [net.minecraft.server.MinecraftServer/]: PandaTrabuco has made the advancement [Acquire Hardware]
[14Sep2025 00:51:39.786] [Server thread/INFO] [net.minecraft.server.MinecraftServer/]: PandaTrabuco has made the advancement [Iron Torch]
[14Sep2025 00:52:25.443] [Server thread/INFO] [dev.uncandango.alltheleaks.AllTheLeaks/]: Listing events...
[14Sep2025 00:52:25.444] [Server thread/INFO] [dev.uncandango.alltheleaks.AllTheLeaks/]: Server Player Clone: 1
[14Sep2025 00:52:25.444] [Server thread/INFO] [dev.uncandango.alltheleaks.AllTheLeaks/]:   Invalid Cloned Players: 1
[14Sep2025 00:52:25.444] [Server thread/INFO] [dev.uncandango.alltheleaks.AllTheLeaks/]: Server Player Logout: 1
[14Sep2025 00:52:25.444] [Server thread/INFO] [dev.uncandango.alltheleaks.AllTheLeaks/]: Listing memory leaks so far...
[14Sep2025 00:52:25.444] [Server thread/INFO] [dev.uncandango.alltheleaks.AllTheLeaks/]: B: 2401MB / C: 2518MB / Diff: +117MB
[14Sep2025 00:52:25.444] [Server thread/INFO] [dev.uncandango.alltheleaks.AllTheLeaks/]: Memory Leaks detected: (/atl force_refresh to update)
[14Sep2025 00:52:25.444] [Server thread/INFO] [dev.uncandango.alltheleaks.AllTheLeaks/]: | Player:
[14Sep2025 00:52:25.444] [Server thread/INFO] [dev.uncandango.alltheleaks.AllTheLeaks/]: |- ServerPlayer (minecraft): 1
[14Sep2025 00:52:25.445] [Server thread/INFO] [dev.uncandango.alltheleaks.AllTheLeaks/]: | ChunkAccess:
[14Sep2025 00:52:25.445] [Server thread/INFO] [dev.uncandango.alltheleaks.AllTheLeaks/]: |- LevelChunk (minecraft): 365
[14Sep2025 00:54:57.245] [Server thread/INFO] [net.minecraft.server.MinecraftServer/]: PandaTrabuco has made the advancement [Stone Age]
[14Sep2025 00:54:58.983] [Server thread/INFO] [net.minecraft.server.MinecraftServer/]: PandaTrabuco has made the advancement [Getting an Upgrade]
[14Sep2025 01:02:25.505] [Server thread/INFO] [dev.uncandango.alltheleaks.AllTheLeaks/]: Listing events...
[14Sep2025 01:02:25.505] [Server thread/INFO] [dev.uncandango.alltheleaks.AllTheLeaks/]: Server Player Clone: 1
[14Sep2025 01:02:25.505] [Server thread/INFO] [dev.uncandango.alltheleaks.AllTheLeaks/]:   Invalid Cloned Players: 1
[14Sep2025 01:02:25.505] [Server thread/INFO] [dev.uncandango.alltheleaks.AllTheLeaks/]: Server Player Logout: 1
[14Sep2025 01:02:25.505] [Server thread/INFO] [dev.uncandango.alltheleaks.AllTheLeaks/]: Listing memory leaks so far...
[14Sep2025 01:02:25.505] [Server thread/INFO] [dev.uncandango.alltheleaks.AllTheLeaks/]: B: 2401MB / C: 2524MB / Diff: +123MB
[14Sep2025 01:02:25.505] [Server thread/INFO] [dev.uncandango.alltheleaks.AllTheLeaks/]: Memory Leaks detected: (/atl force_refresh to update)
[14Sep2025 01:02:25.506] [Server thread/INFO] [dev.uncandango.alltheleaks.AllTheLeaks/]: | ChunkAccess:
[14Sep2025 01:02:25.506] [Server thread/INFO] [dev.uncandango.alltheleaks.AllTheLeaks/]: |- LevelChunk (minecraft): 25
[14Sep2025 01:10:00.403] [Server thread/INFO] [net.minecraft.server.MinecraftServer/]: DobleTonkaa has made the advancement [Isn't It Iron Pick]
[14Sep2025 01:11:31.845] [Server thread/INFO] [net.minecraft.server.MinecraftServer/]: DobleTonkaa is incapacitated!
[14Sep2025 01:11:31.845] [Server thread/WARN] [tombstone/]: The death event of the player DobleTonkaa was canceled by another mod
[14Sep2025 01:11:31.860] [Server thread/INFO] [tombstone/]: The player DobleTonkaa has successfully been saved
[14Sep2025 01:12:20.241] [Server thread/INFO] [net.minecraft.server.MinecraftServer/]: DobleTonkaa has been revived!
[14Sep2025 01:12:25.544] [Server thread/INFO] [dev.uncandango.alltheleaks.AllTheLeaks/]: Listing events...
[14Sep2025 01:12:25.545] [Server thread/INFO] [dev.uncandango.alltheleaks.AllTheLeaks/]: Server Player Clone: 1
[14Sep2025 01:12:25.545] [Server thread/INFO] [dev.uncandango.alltheleaks.AllTheLeaks/]:   Invalid Cloned Players: 1
[14Sep2025 01:12:25.545] [Server thread/INFO] [dev.uncandango.alltheleaks.AllTheLeaks/]: Server Player Logout: 1
[14Sep2025 01:12:25.545] [Server thread/INFO] [dev.uncandango.alltheleaks.AllTheLeaks/]: Listing memory leaks so far...
[14Sep2025 01:12:25.545] [Server thread/INFO] [dev.uncandango.alltheleaks.AllTheLeaks/]: B: 2401MB / C: 2506MB / Diff: +105MB
[14Sep2025 01:12:25.545] [Server thread/INFO] [dev.uncandango.alltheleaks.AllTheLeaks/]: Memory Leaks detected: (/atl force_refresh to update)
[14Sep2025 01:12:25.545] [Server thread/INFO] [dev.uncandango.alltheleaks.AllTheLeaks/]: | ChunkAccess:
[14Sep2025 01:12:25.545] [Server thread/INFO] [dev.uncandango.alltheleaks.AllTheLeaks/]: |- LevelChunk (minecraft): 173
[14Sep2025 01:13:17.945] [Server thread/INFO] [net.minecraft.server.MinecraftServer/]: PandaTrabuco has made the advancement [A Strange Grave Dust]
[14Sep2025 01:13:56.893] [Server thread/INFO] [net.minecraft.world.entity.npc.Villager/]: Villager Villager['Farmer'/1268, l='ServerLevel[world]', x=90.10, y=63.00, z=-6.77] died, message: 'Farmer was slain by Zombie'
[14Sep2025 01:22:25.597] [Server thread/INFO] [dev.uncandango.alltheleaks.AllTheLeaks/]: Listing events...
[14Sep2025 01:22:25.597] [Server thread/INFO] [dev.uncandango.alltheleaks.AllTheLeaks/]: Server Player Clone: 1
[14Sep2025 01:22:25.597] [Server thread/INFO] [dev.uncandango.alltheleaks.AllTheLeaks/]:   Invalid Cloned Players: 1
[14Sep2025 01:22:25.597] [Server thread/INFO] [dev.uncandango.alltheleaks.AllTheLeaks/]: Server Player Logout: 1
[14Sep2025 01:22:25.597] [Server thread/INFO] [dev.uncandango.alltheleaks.AllTheLeaks/]: Listing memory leaks so far...
[14Sep2025 01:22:25.597] [Server thread/INFO] [dev.uncandango.alltheleaks.AllTheLeaks/]: B: 2401MB / C: 2495MB / Diff: +94MB
[14Sep2025 01:22:25.597] [Server thread/INFO] [dev.uncandango.alltheleaks.AllTheLeaks/]: No memory leak detected!
[14Sep2025 01:30:43.259] [Server thread/ERROR] [net.minecraft.Util/]: POI data mismatch: already registered at BlockPos{x=648, y=-10, z=-184}
[14Sep2025 01:30:43.259] [Server thread/ERROR] [net.minecraft.Util/]: POI data mismatch: already registered at BlockPos{x=646, y=-10, z=-184}
[14Sep2025 01:32:25.648] [Server thread/INFO] [dev.uncandango.alltheleaks.AllTheLeaks/]: Listing events...
[14Sep2025 01:32:25.649] [Server thread/INFO] [dev.uncandango.alltheleaks.AllTheLeaks/]: Server Player Clone: 1
[14Sep2025 01:32:25.649] [Server thread/INFO] [dev.uncandango.alltheleaks.AllTheLeaks/]:   Invalid Cloned Players: 1
[14Sep2025 01:32:25.649] [Server thread/INFO] [dev.uncandango.alltheleaks.AllTheLeaks/]: Server Player Logout: 1
[14Sep2025 01:32:25.649] [Server thread/INFO] [dev.uncandango.alltheleaks.AllTheLeaks/]: Listing memory leaks so far...
[14Sep2025 01:32:25.649] [Server thread/INFO] [dev.uncandango.alltheleaks.AllTheLeaks/]: B: 2401MB / C: 2551MB / Diff: +150MB
[14Sep2025 01:32:25.649] [Server thread/INFO] [dev.uncandango.alltheleaks.AllTheLeaks/]: No memory leak detected!
[14Sep2025 01:38:04.558] [Server thread/INFO] [net.minecraft.server.MinecraftServer/]: [Not Secure] <PandaTrabuco> zzz
[14Sep2025 01:39:33.666] [Server thread/INFO] [net.minecraft.server.MinecraftServer/]: PandaTrabuco has made the advancement [Knowledge of Death]
[14Sep2025 01:39:33.669] [Server thread/INFO] [net.minecraft.server.MinecraftServer/]: PandaTrabuco has made the advancement [Ashes 'n Bones]
[14Sep2025 01:40:36.002] [Server thread/INFO] [net.minecraft.server.MinecraftServer/]: PandaTrabuco has made the advancement [Knowledge raises the soul]
[14Sep2025 01:42:07.285] [Server thread/INFO] [net.minecraft.world.entity.npc.Villager/]: Villager Villager['Mason'/1286, l='ServerLevel[world]', x=77.09, y=103.56, z=33.98] died, message: 'Mason died'
[14Sep2025 01:42:25.697] [Server thread/INFO] [dev.uncandango.alltheleaks.AllTheLeaks/]: Listing events...
[14Sep2025 01:42:25.697] [Server thread/INFO] [dev.uncandango.alltheleaks.AllTheLeaks/]: Server Player Clone: 1
[14Sep2025 01:42:25.697] [Server thread/INFO] [dev.uncandango.alltheleaks.AllTheLeaks/]:   Invalid Cloned Players: 1
[14Sep2025 01:42:25.697] [Server thread/INFO] [dev.uncandango.alltheleaks.AllTheLeaks/]: Server Player Logout: 1
[14Sep2025 01:42:25.697] [Server thread/INFO] [dev.uncandango.alltheleaks.AllTheLeaks/]: Listing memory leaks so far...
[14Sep2025 01:42:25.697] [Server thread/INFO] [dev.uncandango.alltheleaks.AllTheLeaks/]: B: 2401MB / C: 2563MB / Diff: +162MB
[14Sep2025 01:42:25.698] [Server thread/INFO] [dev.uncandango.alltheleaks.AllTheLeaks/]: Memory Leaks detected: (/atl force_refresh to update)
[14Sep2025 01:42:25.698] [Server thread/INFO] [dev.uncandango.alltheleaks.AllTheLeaks/]: | ChunkAccess:
[14Sep2025 01:42:25.698] [Server thread/INFO] [dev.uncandango.alltheleaks.AllTheLeaks/]: |- LevelChunk (minecraft): 105
[14Sep2025 01:45:44.238] [Server thread/INFO] [net.minecraft.server.MinecraftServer/]: PandaTrabuco has made the advancement [Best Friends Forever]
[14Sep2025 01:51:46.062] [Server thread/INFO] [net.minecraft.server.MinecraftServer/]: [Not Secure] <DobleTonkaa> me muero
[14Sep2025 01:51:51.046] [Server thread/INFO] [net.minecraft.server.MinecraftServer/]: [Not Secure] <DobleTonkaa> me mueroo
[14Sep2025 01:51:54.400] [Server thread/INFO] [net.minecraft.server.MinecraftServer/]: [Not Secure] <DobleTonkaa> morite
[14Sep2025 01:51:56.905] [Server thread/INFO] [net.minecraft.server.MinecraftServer/]: [Not Secure] <DobleTonkaa> zzz
[14Sep2025 01:52:19.397] [Server thread/INFO] [net.minecraft.world.entity.npc.Villager/]: Villager Villager['Librarian'/1260, l='ServerLevel[world]', x=118.84, y=106.00, z=35.24] died, message: 'Librarian was slain by Zombie'
[14Sep2025 01:52:25.749] [Server thread/INFO] [dev.uncandango.alltheleaks.AllTheLeaks/]: Listing events...
[14Sep2025 01:52:25.749] [Server thread/INFO] [dev.uncandango.alltheleaks.AllTheLeaks/]: Server Player Clone: 1
[14Sep2025 01:52:25.749] [Server thread/INFO] [dev.uncandango.alltheleaks.AllTheLeaks/]:   Invalid Cloned Players: 1
[14Sep2025 01:52:25.749] [Server thread/INFO] [dev.uncandango.alltheleaks.AllTheLeaks/]: Server Player Logout: 1
[14Sep2025 01:52:25.749] [Server thread/INFO] [dev.uncandango.alltheleaks.AllTheLeaks/]: Listing memory leaks so far...
[14Sep2025 01:52:25.750] [Server thread/INFO] [dev.uncandango.alltheleaks.AllTheLeaks/]: B: 2401MB / C: 2603MB / Diff: +202MB
[14Sep2025 01:52:25.750] [Server thread/INFO] [dev.uncandango.alltheleaks.AllTheLeaks/]: Memory Leaks detected: (/atl force_refresh to update)
[14Sep2025 01:52:25.750] [Server thread/INFO] [dev.uncandango.alltheleaks.AllTheLeaks/]: | ChunkAccess:
[14Sep2025 01:52:25.750] [Server thread/INFO] [dev.uncandango.alltheleaks.AllTheLeaks/]: |- LevelChunk (minecraft): 543
[14Sep2025 01:55:02.939] [Server thread/INFO] [net.minecraft.server.MinecraftServer/]: DobleTonkaa is incapacitated!
[14Sep2025 01:55:02.939] [Server thread/WARN] [tombstone/]: The death event of the player DobleTonkaa was canceled by another mod
[14Sep2025 01:55:02.946] [Server thread/INFO] [tombstone/]: The player DobleTonkaa has successfully been saved
[14Sep2025 01:55:15.455] [Server thread/INFO] [net.minecraft.server.MinecraftServer/]: DobleTonkaa has reached the goal [Strong or Careful]
[14Sep2025 01:55:15.456] [Server thread/INFO] [net.minecraft.server.MinecraftServer/]: DobleTonkaa was slain by Zombie
[14Sep2025 01:55:15.460] [Server thread/INFO] [tombstone/]: The player DobleTonkaa has successfully been saved
[14Sep2025 01:55:19.498] [Server thread/WARN] [dev.gigaherz.toolbelt.slot.BeltExtensionSlot/]: New entity has data, contents assigned.
[14Sep2025 01:55:19.498] [Server thread/ERROR] [dev.uncandango.alltheleaks.AllTheLeaks/]: Cannot have null removal reason on Clone event!
[14Sep2025 01:55:44.809] [Server thread/INFO] [net.minecraft.server.MinecraftServer/]: DobleTonkaa has reached the goal [Here They Come]
[14Sep2025 01:57:37.589] [Server thread/INFO] [net.minecraft.world.entity.npc.Villager/]: Villager Villager['Unemployed'/1362, l='ServerLevel[world]', x=156.82, y=110.00, z=5.62] died, message: 'Unemployed drowned'
[14Sep2025 01:57:50.388] [Server thread/INFO] [net.minecraft.server.MinecraftServer/]: PandaTrabuco has made the advancement [The Parrots and the Bats]
[14Sep2025 01:57:50.389] [Server thread/INFO] [net.minecraft.server.MinecraftServer/]: PandaTrabuco has made the advancement [Sugar Rush]
[14Sep2025 01:58:11.989] [Server thread/INFO] [net.minecraft.world.entity.npc.Villager/]: Villager Villager['Cleric'/1375, l='ServerLevel[world]', x=172.70, y=111.08, z=8.78] died, message: 'Cleric was slain by Zombie'
[14Sep2025 01:59:58.991] [Server thread/INFO] [net.minecraft.server.MinecraftServer/]: DobleTonkaa is incapacitated!
[14Sep2025 01:59:58.991] [Server thread/WARN] [tombstone/]: The death event of the player DobleTonkaa was canceled by another mod
[14Sep2025 01:59:58.999] [Server thread/INFO] [tombstone/]: The player DobleTonkaa has successfully been saved
[14Sep2025 02:00:16.036] [Server thread/INFO] [net.minecraft.server.MinecraftServer/]: DobleTonkaa was slain by Zombie
[14Sep2025 02:00:16.054] [Server thread/INFO] [tombstone/]: The player DobleTonkaa has successfully been saved
[14Sep2025 02:00:17.462] [Server thread/WARN] [dev.gigaherz.toolbelt.slot.BeltExtensionSlot/]: New entity has data, contents assigned.
[14Sep2025 02:00:17.462] [Server thread/ERROR] [dev.uncandango.alltheleaks.AllTheLeaks/]: Cannot have null removal reason on Clone event!
[14Sep2025 02:00:36.950] [Server thread/INFO] [net.minecraft.server.MinecraftServer/]: PandaTrabuco has made the advancement [Suit Up]
[14Sep2025 02:02:25.796] [Server thread/INFO] [dev.uncandango.alltheleaks.AllTheLeaks/]: Listing events...
[14Sep2025 02:02:25.796] [Server thread/INFO] [dev.uncandango.alltheleaks.AllTheLeaks/]: Server Player Clone: 3
[14Sep2025 02:02:25.796] [Server thread/INFO] [dev.uncandango.alltheleaks.AllTheLeaks/]:   Invalid Cloned Players: 3
[14Sep2025 02:02:25.796] [Server thread/INFO] [dev.uncandango.alltheleaks.AllTheLeaks/]: Server Player Logout: 1
[14Sep2025 02:02:25.796] [Server thread/INFO] [dev.uncandango.alltheleaks.AllTheLeaks/]: Listing memory leaks so far...
[14Sep2025 02:02:25.797] [Server thread/INFO] [dev.uncandango.alltheleaks.AllTheLeaks/]: B: 2401MB / C: 2649MB / Diff: +248MB
[14Sep2025 02:02:25.797] [Server thread/INFO] [dev.uncandango.alltheleaks.AllTheLeaks/]: Memory Leaks detected: (/atl force_refresh to update)
[14Sep2025 02:02:25.797] [Server thread/INFO] [dev.uncandango.alltheleaks.AllTheLeaks/]: | Player:
[14Sep2025 02:02:25.797] [Server thread/INFO] [dev.uncandango.alltheleaks.AllTheLeaks/]: |- ServerPlayer (minecraft): 1
[14Sep2025 02:02:25.797] [Server thread/INFO] [dev.uncandango.alltheleaks.AllTheLeaks/]: | ChunkAccess:
[14Sep2025 02:02:25.797] [Server thread/INFO] [dev.uncandango.alltheleaks.AllTheLeaks/]: |- LevelChunk (minecraft): 674
[14Sep2025 02:04:28.118] [pool-6-thread-1/INFO] [com.structureessentials.StructureEssentials/]: Structure search for minecraft:monument timed out, took: 50 seconds.
[14Sep2025 02:07:07.088] [Worker-Main-3/WARN] [net.minecraft.server.level.WorldGenRegion/]: Tried to access a block entity before it was created. BlockPos{x=559, y=18, z=-195}
[14Sep2025 02:09:58.397] [Server thread/INFO] [net.minecraft.server.MinecraftServer/]: PandaTrabuco has made the advancement [Mine? Mine? Mine?]
[14Sep2025 02:12:25.856] [Server thread/INFO] [dev.uncandango.alltheleaks.AllTheLeaks/]: Listing events...
[14Sep2025 02:12:25.856] [Server thread/INFO] [dev.uncandango.alltheleaks.AllTheLeaks/]: Server Player Clone: 3
[14Sep2025 02:12:25.856] [Server thread/INFO] [dev.uncandango.alltheleaks.AllTheLeaks/]:   Invalid Cloned Players: 3
[14Sep2025 02:12:25.857] [Server thread/INFO] [dev.uncandango.alltheleaks.AllTheLeaks/]: Server Player Logout: 1
[14Sep2025 02:12:25.857] [Server thread/INFO] [dev.uncandango.alltheleaks.AllTheLeaks/]: Listing memory leaks so far...
[14Sep2025 02:12:25.857] [Server thread/INFO] [dev.uncandango.alltheleaks.AllTheLeaks/]: B: 2401MB / C: 2810MB / Diff: +409MB
[14Sep2025 02:12:25.857] [Server thread/INFO] [dev.uncandango.alltheleaks.AllTheLeaks/]: Memory Leaks detected: (/atl force_refresh to update)
[14Sep2025 02:12:25.857] [Server thread/INFO] [dev.uncandango.alltheleaks.AllTheLeaks/]: | Player:
[14Sep2025 02:12:25.857] [Server thread/INFO] [dev.uncandango.alltheleaks.AllTheLeaks/]: |- ServerPlayer (minecraft): 1
[14Sep2025 02:12:25.857] [Server thread/INFO] [dev.uncandango.alltheleaks.AllTheLeaks/]: | ChunkAccess:
[14Sep2025 02:12:25.857] [Server thread/INFO] [dev.uncandango.alltheleaks.AllTheLeaks/]: |- LevelChunk (minecraft): 748
[14Sep2025 02:14:50.777] [Server thread/INFO] [net.minecraft.server.MinecraftServer/]: DobleTonkaa has made the advancement [Friendship Found]
[14Sep2025 02:21:21.747] [Server thread/INFO] [net.minecraft.server.network.ServerGamePacketListenerImpl/]: PandaTrabuco lost connection: Disconnected
[14Sep2025 02:21:21.747] [Server thread/INFO] [net.minecraft.server.MinecraftServer/]: PandaTrabuco left the game
[14Sep2025 02:21:21.748] [Server thread/INFO] [voicechat/]: [voicechat] Disconnecting client PandaTrabuco
[14Sep2025 02:22:25.893] [Server thread/INFO] [dev.uncandango.alltheleaks.AllTheLeaks/]: Listing events...
[14Sep2025 02:22:25.893] [Server thread/INFO] [dev.uncandango.alltheleaks.AllTheLeaks/]: Server Player Clone: 3
[14Sep2025 02:22:25.894] [Server thread/INFO] [dev.uncandango.alltheleaks.AllTheLeaks/]:   Invalid Cloned Players: 3
[14Sep2025 02:22:25.894] [Server thread/INFO] [dev.uncandango.alltheleaks.AllTheLeaks/]: Server Player Logout: 2
[14Sep2025 02:22:25.894] [Server thread/INFO] [dev.uncandango.alltheleaks.AllTheLeaks/]: Listing memory leaks so far...
[14Sep2025 02:22:25.894] [Server thread/INFO] [dev.uncandango.alltheleaks.AllTheLeaks/]: B: 2401MB / C: 2821MB / Diff: +420MB
[14Sep2025 02:22:25.894] [Server thread/INFO] [dev.uncandango.alltheleaks.AllTheLeaks/]: Memory Leaks detected: (/atl force_refresh to update)
[14Sep2025 02:22:25.894] [Server thread/INFO] [dev.uncandango.alltheleaks.AllTheLeaks/]: | Player:
[14Sep2025 02:22:25.894] [Server thread/INFO] [dev.uncandango.alltheleaks.AllTheLeaks/]: |- ServerPlayer (minecraft): 2
[14Sep2025 02:22:25.894] [Server thread/INFO] [dev.uncandango.alltheleaks.AllTheLeaks/]: | ChunkAccess:
[14Sep2025 02:22:25.894] [Server thread/INFO] [dev.uncandango.alltheleaks.AllTheLeaks/]: |- LevelChunk (minecraft): 1196
[14Sep2025 02:25:15.938] [Server thread/INFO] [net.minecraft.server.players.PlayerList/]: PandaTrabuco[/127.204.247.96:41417] logged in with entity id 66244 at (211.89121937719236, 127.0, -71.02764177639361)
[14Sep2025 02:25:15.977] [Server thread/INFO] [net.minecraft.server.MinecraftServer/]: PandaTrabuco joined the game
[14Sep2025 02:25:16.056] [Server thread/INFO] [untamedwilds.UntamedWilds/]: Firing player login event
[14Sep2025 02:25:16.067] [Server thread/INFO] [Jade/]: Syncing config to PandaTrabuco (2b0c6db8-3765-39f2-a5e8-4183c598f747)
[14Sep2025 02:25:19.315] [Server thread/INFO] [voicechat/]: [voicechat] Received secret request of PandaTrabuco (18)
[14Sep2025 02:25:19.315] [Server thread/INFO] [voicechat/]: [voicechat] Sent secret to PandaTrabuco
[14Sep2025 02:32:25.949] [Server thread/INFO] [dev.uncandango.alltheleaks.AllTheLeaks/]: Listing events...
[14Sep2025 02:32:25.950] [Server thread/INFO] [dev.uncandango.alltheleaks.AllTheLeaks/]: Server Player Clone: 3
[14Sep2025 02:32:25.950] [Server thread/INFO] [dev.uncandango.alltheleaks.AllTheLeaks/]:   Invalid Cloned Players: 3
[14Sep2025 02:32:25.950] [Server thread/INFO] [dev.uncandango.alltheleaks.AllTheLeaks/]: Server Player Logout: 2
[14Sep2025 02:32:25.951] [Server thread/INFO] [dev.uncandango.alltheleaks.AllTheLeaks/]: Listing memory leaks so far...
[14Sep2025 02:32:25.951] [Server thread/INFO] [dev.uncandango.alltheleaks.AllTheLeaks/]: B: 2401MB / C: 2844MB / Diff: +443MB
[14Sep2025 02:32:25.951] [Server thread/INFO] [dev.uncandango.alltheleaks.AllTheLeaks/]: Memory Leaks detected: (/atl force_refresh to update)
[14Sep2025 02:32:25.951] [Server thread/INFO] [dev.uncandango.alltheleaks.AllTheLeaks/]: | Player:
[14Sep2025 02:32:25.951] [Server thread/INFO] [dev.uncandango.alltheleaks.AllTheLeaks/]: |- ServerPlayer (minecraft): 2
[14Sep2025 02:32:25.952] [Server thread/INFO] [dev.uncandango.alltheleaks.AllTheLeaks/]: | ChunkAccess:
[14Sep2025 02:32:25.952] [Server thread/INFO] [dev.uncandango.alltheleaks.AllTheLeaks/]: |- LevelChunk (minecraft): 1216
[14Sep2025 02:38:19.648] [Server thread/INFO] [net.minecraft.server.MinecraftServer/]: PandaTrabuco has made the advancement [What a Deal!]
[14Sep2025 02:42:26.005] [Server thread/INFO] [dev.uncandango.alltheleaks.AllTheLeaks/]: Listing events...
[14Sep2025 02:42:26.005] [Server thread/INFO] [dev.uncandango.alltheleaks.AllTheLeaks/]: Server Player Clone: 3
[14Sep2025 02:42:26.005] [Server thread/INFO] [dev.uncandango.alltheleaks.AllTheLeaks/]:   Invalid Cloned Players: 3
[14Sep2025 02:42:26.005] [Server thread/INFO] [dev.uncandango.alltheleaks.AllTheLeaks/]: Server Player Logout: 2
[14Sep2025 02:42:26.005] [Server thread/INFO] [dev.uncandango.alltheleaks.AllTheLeaks/]: Listing memory leaks so far...
[14Sep2025 02:42:26.005] [Server thread/INFO] [dev.uncandango.alltheleaks.AllTheLeaks/]: B: 2401MB / C: 2962MB / Diff: +561MB
[14Sep2025 02:42:26.005] [Server thread/INFO] [dev.uncandango.alltheleaks.AllTheLeaks/]: Memory Leaks detected: (/atl force_refresh to update)
[14Sep2025 02:42:26.005] [Server thread/INFO] [dev.uncandango.alltheleaks.AllTheLeaks/]: | Player:
[14Sep2025 02:42:26.006] [Server thread/INFO] [dev.uncandango.alltheleaks.AllTheLeaks/]: |- ServerPlayer (minecraft): 2
[14Sep2025 02:42:26.006] [Server thread/INFO] [dev.uncandango.alltheleaks.AllTheLeaks/]: | ChunkAccess:
[14Sep2025 02:42:26.006] [Server thread/INFO] [dev.uncandango.alltheleaks.AllTheLeaks/]: |- LevelChunk (minecraft): 1260
[14Sep2025 02:50:54.251] [Server thread/INFO] [net.minecraft.world.entity.npc.Villager/]: Villager VillagerEntityMCA['P책l'/79871, l='ServerLevel[world]', x=154.40, y=95.00, z=-270.50] died, message: 'P책l was slain by Zombie'
[14Sep2025 02:50:54.252] [Server thread/INFO] [net.minecraft.world.entity.LivingEntity/]: Named entity VillagerEntityMCA['P책l'/79871, l='ServerLevel[world]', x=154.40, y=95.00, z=-270.50] died: P책l was slain by Zombie
[14Sep2025 02:52:26.051] [Server thread/INFO] [dev.uncandango.alltheleaks.AllTheLeaks/]: Listing events...
[14Sep2025 02:52:26.051] [Server thread/INFO] [dev.uncandango.alltheleaks.AllTheLeaks/]: Server Player Clone: 3
[14Sep2025 02:52:26.051] [Server thread/INFO] [dev.uncandango.alltheleaks.AllTheLeaks/]:   Invalid Cloned Players: 3
[14Sep2025 02:52:26.051] [Server thread/INFO] [dev.uncandango.alltheleaks.AllTheLeaks/]: Server Player Logout: 2
[14Sep2025 02:52:26.051] [Server thread/INFO] [dev.uncandango.alltheleaks.AllTheLeaks/]: Listing memory leaks so far...
[14Sep2025 02:52:26.052] [Server thread/INFO] [dev.uncandango.alltheleaks.AllTheLeaks/]: B: 2401MB / C: 3188MB / Diff: +787MB
[14Sep2025 02:52:26.052] [Server thread/INFO] [dev.uncandango.alltheleaks.AllTheLeaks/]: Memory Leaks detected: (/atl force_refresh to update)
[14Sep2025 02:52:26.052] [Server thread/INFO] [dev.uncandango.alltheleaks.AllTheLeaks/]: | Player:
[14Sep2025 02:52:26.052] [Server thread/INFO] [dev.uncandango.alltheleaks.AllTheLeaks/]: |- ServerPlayer (minecraft): 2
[14Sep2025 02:52:26.052] [Server thread/INFO] [dev.uncandango.alltheleaks.AllTheLeaks/]: | ChunkAccess:
[14Sep2025 02:52:26.052] [Server thread/INFO] [dev.uncandango.alltheleaks.AllTheLeaks/]: |- LevelChunk (minecraft): 1846
[14Sep2025 02:58:45.355] [Server thread/INFO] [net.minecraft.server.MinecraftServer/]: PandaTrabuco has made the advancement [Isn't It Iron Pick]
[14Sep2025 03:02:26.106] [Server thread/INFO] [dev.uncandango.alltheleaks.AllTheLeaks/]: Listing events...
[14Sep2025 03:02:26.107] [Server thread/INFO] [dev.uncandango.alltheleaks.AllTheLeaks/]: Server Player Clone: 3
[14Sep2025 03:02:26.107] [Server thread/INFO] [dev.uncandango.alltheleaks.AllTheLeaks/]:   Invalid Cloned Players: 3
[14Sep2025 03:02:26.107] [Server thread/INFO] [dev.uncandango.alltheleaks.AllTheLeaks/]: Server Player Logout: 2
[14Sep2025 03:02:26.107] [Server thread/INFO] [dev.uncandango.alltheleaks.AllTheLeaks/]: Listing memory leaks so far...
[14Sep2025 03:02:26.107] [Server thread/INFO] [dev.uncandango.alltheleaks.AllTheLeaks/]: B: 2401MB / C: 3269MB / Diff: +868MB
[14Sep2025 03:02:26.107] [Server thread/INFO] [dev.uncandango.alltheleaks.AllTheLeaks/]: Memory Leaks detected: (/atl force_refresh to update)
[14Sep2025 03:02:26.107] [Server thread/INFO] [dev.uncandango.alltheleaks.AllTheLeaks/]: | Player:
[14Sep2025 03:02:26.107] [Server thread/INFO] [dev.uncandango.alltheleaks.AllTheLeaks/]: |- ServerPlayer (minecraft): 2
[14Sep2025 03:02:26.108] [Server thread/INFO] [dev.uncandango.alltheleaks.AllTheLeaks/]: | ChunkAccess:
[14Sep2025 03:02:26.108] [Server thread/INFO] [dev.uncandango.alltheleaks.AllTheLeaks/]: |- LevelChunk (minecraft): 1975
[14Sep2025 03:03:36.291] [Server thread/INFO] [net.minecraft.server.MinecraftServer/]: PandaTrabuco has completed the challenge [The Power of the Sun]
[14Sep2025 03:11:05.339] [Server thread/INFO] [net.minecraft.world.entity.npc.Villager/]: Villager VillagerEntityMCA['Dagfinn'/33582, l='ServerLevel[world]', x=101.88, y=87.00, z=-68.94] died, message: 'Dagfinn (Staying) hit the ground too hard whilst trying to escape Zombie'
[14Sep2025 03:11:05.339] [Server thread/INFO] [net.minecraft.world.entity.LivingEntity/]: Named entity VillagerEntityMCA['Dagfinn'/33582, l='ServerLevel[world]', x=101.88, y=87.00, z=-68.94] died: Dagfinn (Staying) was doomed to fall by Zombie
[14Sep2025 03:12:26.149] [Server thread/INFO] [dev.uncandango.alltheleaks.AllTheLeaks/]: Listing events...
[14Sep2025 03:12:26.150] [Server thread/INFO] [dev.uncandango.alltheleaks.AllTheLeaks/]: Server Player Clone: 3
[14Sep2025 03:12:26.150] [Server thread/INFO] [dev.uncandango.alltheleaks.AllTheLeaks/]:   Invalid Cloned Players: 3
[14Sep2025 03:12:26.150] [Server thread/INFO] [dev.uncandango.alltheleaks.AllTheLeaks/]: Server Player Logout: 2
[14Sep2025 03:12:26.150] [Server thread/INFO] [dev.uncandango.alltheleaks.AllTheLeaks/]: Listing memory leaks so far...
[14Sep2025 03:12:26.150] [Server thread/INFO] [dev.uncandango.alltheleaks.AllTheLeaks/]: B: 2401MB / C: 3378MB / Diff: +977MB
[14Sep2025 03:12:26.150] [Server thread/INFO] [dev.uncandango.alltheleaks.AllTheLeaks/]: Memory Leaks detected: (/atl force_refresh to update)
[14Sep2025 03:12:26.150] [Server thread/INFO] [dev.uncandango.alltheleaks.AllTheLeaks/]: | Player:
[14Sep2025 03:12:26.150] [Server thread/INFO] [dev.uncandango.alltheleaks.AllTheLeaks/]: |- ServerPlayer (minecraft): 2
[14Sep2025 03:12:26.150] [Server thread/INFO] [dev.uncandango.alltheleaks.AllTheLeaks/]: | ChunkAccess:
[14Sep2025 03:12:26.150] [Server thread/INFO] [dev.uncandango.alltheleaks.AllTheLeaks/]: |- LevelChunk (minecraft): 2591
[14Sep2025 03:13:13.019] [Worker-Main-2/ERROR] [net.minecraft.Util/]: Detected setBlock in a far chunk [85, -6], pos: BlockPos{x=1363, y=62, z=-86}, status: minecraft:features, currently generating: Placed Direct{Configured: untamedwilds.world.gen.feature.FeatureReedClusters@5f788998: net.minecraft.world.level.levelgen.feature.configurations.NoneFeatureConfiguration@52dc4c65}
[14Sep2025 03:14:56.411] [Server thread/WARN] [net.minecraft.server.network.ServerGamePacketListenerImpl/]: PandaTrabuco was kicked for floating too long!
[14Sep2025 03:14:56.411] [Server thread/INFO] [net.minecraft.server.network.ServerGamePacketListenerImpl/]: PandaTrabuco lost connection: Flying is not enabled on this server
[14Sep2025 03:14:56.412] [Server thread/INFO] [net.minecraft.server.MinecraftServer/]: PandaTrabuco left the game
[14Sep2025 03:14:56.413] [Server thread/INFO] [voicechat/]: [voicechat] Disconnecting client PandaTrabuco
[14Sep2025 03:14:56.469] [Server thread/WARN] [net.minecraft.network.Connection/]: handleDisconnection() called twice
[14Sep2025 03:15:28.223] [Server thread/INFO] [net.minecraft.server.players.PlayerList/]: PandaTrabuco[/127.204.247.96:41767] logged in with entity id 104349 at (1035.2282440521772, 164.54528123921347, 134.99988260486228)
[14Sep2025 03:15:28.253] [Server thread/INFO] [net.minecraft.server.MinecraftServer/]: PandaTrabuco joined the game
[14Sep2025 03:15:28.301] [Server thread/INFO] [untamedwilds.UntamedWilds/]: Firing player login event
[14Sep2025 03:15:28.315] [Server thread/INFO] [Jade/]: Syncing config to PandaTrabuco (2b0c6db8-3765-39f2-a5e8-4183c598f747)
[14Sep2025 03:15:30.016] [Server thread/INFO] [voicechat/]: [voicechat] Received secret request of PandaTrabuco (18)
[14Sep2025 03:15:30.016] [Server thread/INFO] [voicechat/]: [voicechat] Sent secret to PandaTrabuco
[14Sep2025 03:20:16.245] [Server thread/INFO] [net.minecraft.server.network.ServerGamePacketListenerImpl/]: PandaTrabuco lost connection: Disconnected
[14Sep2025 03:20:16.246] [Server thread/INFO] [net.minecraft.server.MinecraftServer/]: PandaTrabuco left the game
[14Sep2025 03:20:16.247] [Server thread/INFO] [voicechat/]: [voicechat] Disconnecting client PandaTrabuco
[14Sep2025 03:22:26.193] [Server thread/INFO] [dev.uncandango.alltheleaks.AllTheLeaks/]: Listing events...
[14Sep2025 03:22:26.194] [Server thread/INFO] [dev.uncandango.alltheleaks.AllTheLeaks/]: Server Player Clone: 3
[14Sep2025 03:22:26.194] [Server thread/INFO] [dev.uncandango.alltheleaks.AllTheLeaks/]:   Invalid Cloned Players: 3
[14Sep2025 03:22:26.194] [Server thread/INFO] [dev.uncandango.alltheleaks.AllTheLeaks/]: Server Player Logout: 4
[14Sep2025 03:22:26.194] [Server thread/INFO] [dev.uncandango.alltheleaks.AllTheLeaks/]: Listing memory leaks so far...
[14Sep2025 03:22:26.194] [Server thread/INFO] [dev.uncandango.alltheleaks.AllTheLeaks/]: B: 2401MB / C: 3415MB / Diff: +1014MB
[14Sep2025 03:22:26.194] [Server thread/INFO] [dev.uncandango.alltheleaks.AllTheLeaks/]: Memory Leaks detected: (/atl force_refresh to update)
[14Sep2025 03:22:26.194] [Server thread/INFO] [dev.uncandango.alltheleaks.AllTheLeaks/]: | Player:
[14Sep2025 03:22:26.194] [Server thread/INFO] [dev.uncandango.alltheleaks.AllTheLeaks/]: |- ServerPlayer (minecraft): 4
[14Sep2025 03:22:26.194] [Server thread/INFO] [dev.uncandango.alltheleaks.AllTheLeaks/]: | ChunkAccess:
[14Sep2025 03:22:26.194] [Server thread/INFO] [dev.uncandango.alltheleaks.AllTheLeaks/]: |- LevelChunk (minecraft): 3952
[14Sep2025 03:23:22.728] [Server thread/INFO] [net.minecraft.server.players.PlayerList/]: PandaTrabuco[/127.204.247.96:38681] logged in with entity id 107781 at (213.1225246812814, 127.0, -71.65819224794427)
[14Sep2025 03:23:22.758] [Server thread/INFO] [net.minecraft.server.MinecraftServer/]: PandaTrabuco joined the game
[14Sep2025 03:23:22.838] [Server thread/INFO] [untamedwilds.UntamedWilds/]: Firing player login event
[14Sep2025 03:23:22.852] [Server thread/INFO] [Jade/]: Syncing config to PandaTrabuco (2b0c6db8-3765-39f2-a5e8-4183c598f747)
[14Sep2025 03:23:26.719] [Server thread/INFO] [voicechat/]: [voicechat] Received secret request of PandaTrabuco (18)
[14Sep2025 03:23:26.720] [Server thread/INFO] [voicechat/]: [voicechat] Sent secret to PandaTrabuco
[14Sep2025 03:24:34.446] [Server thread/INFO] [net.minecraft.server.MinecraftServer/]: PandaTrabuco has made the advancement [Friendship Found]
[14Sep2025 03:32:26.245] [Server thread/INFO] [dev.uncandango.alltheleaks.AllTheLeaks/]: Listing events...
[14Sep2025 03:32:26.245] [Server thread/INFO] [dev.uncandango.alltheleaks.AllTheLeaks/]: Server Player Clone: 3
[14Sep2025 03:32:26.245] [Server thread/INFO] [dev.uncandango.alltheleaks.AllTheLeaks/]:   Invalid Cloned Players: 3
[14Sep2025 03:32:26.245] [Server thread/INFO] [dev.uncandango.alltheleaks.AllTheLeaks/]: Server Player Logout: 4
[14Sep2025 03:32:26.245] [Server thread/INFO] [dev.uncandango.alltheleaks.AllTheLeaks/]: Listing memory leaks so far...
[14Sep2025 03:32:26.245] [Server thread/INFO] [dev.uncandango.alltheleaks.AllTheLeaks/]: B: 2401MB / C: 3437MB / Diff: +1036MB
[14Sep2025 03:32:26.245] [Server thread/INFO] [dev.uncandango.alltheleaks.AllTheLeaks/]: Memory Leaks detected: (/atl force_refresh to update)
[14Sep2025 03:32:26.246] [Server thread/INFO] [dev.uncandango.alltheleaks.AllTheLeaks/]: | Player:
[14Sep2025 03:32:26.246] [Server thread/INFO] [dev.uncandango.alltheleaks.AllTheLeaks/]: |- ServerPlayer (minecraft): 4
[14Sep2025 03:32:26.246] [Server thread/INFO] [dev.uncandango.alltheleaks.AllTheLeaks/]: | ChunkAccess:
[14Sep2025 03:32:26.246] [Server thread/INFO] [dev.uncandango.alltheleaks.AllTheLeaks/]: |- LevelChunk (minecraft): 3952
[14Sep2025 03:42:26.298] [Server thread/INFO] [dev.uncandango.alltheleaks.AllTheLeaks/]: Listing events...
[14Sep2025 03:42:26.299] [Server thread/INFO] [dev.uncandango.alltheleaks.AllTheLeaks/]: Server Player Clone: 3
[14Sep2025 03:42:26.299] [Server thread/INFO] [dev.uncandango.alltheleaks.AllTheLeaks/]:   Invalid Cloned Players: 3
[14Sep2025 03:42:26.299] [Server thread/INFO] [dev.uncandango.alltheleaks.AllTheLeaks/]: Server Player Logout: 4
[14Sep2025 03:42:26.299] [Server thread/INFO] [dev.uncandango.alltheleaks.AllTheLeaks/]: Listing memory leaks so far...
[14Sep2025 03:42:26.299] [Server thread/INFO] [dev.uncandango.alltheleaks.AllTheLeaks/]: B: 2401MB / C: 3451MB / Diff: +1050MB
[14Sep2025 03:42:26.299] [Server thread/INFO] [dev.uncandango.alltheleaks.AllTheLeaks/]: Memory Leaks detected: (/atl force_refresh to update)
[14Sep2025 03:42:26.299] [Server thread/INFO] [dev.uncandango.alltheleaks.AllTheLeaks/]: | Player:
[14Sep2025 03:42:26.299] [Server thread/INFO] [dev.uncandango.alltheleaks.AllTheLeaks/]: |- ServerPlayer (minecraft): 4
[14Sep2025 03:42:26.299] [Server thread/INFO] [dev.uncandango.alltheleaks.AllTheLeaks/]: | ChunkAccess:
[14Sep2025 03:42:26.299] [Server thread/INFO] [dev.uncandango.alltheleaks.AllTheLeaks/]: |- LevelChunk (minecraft): 3952
[14Sep2025 03:52:26.342] [Server thread/INFO] [dev.uncandango.alltheleaks.AllTheLeaks/]: Listing events...
[14Sep2025 03:52:26.342] [Server thread/INFO] [dev.uncandango.alltheleaks.AllTheLeaks/]: Server Player Clone: 3
[14Sep2025 03:52:26.342] [Server thread/INFO] [dev.uncandango.alltheleaks.AllTheLeaks/]:   Invalid Cloned Players: 3
[14Sep2025 03:52:26.342] [Server thread/INFO] [dev.uncandango.alltheleaks.AllTheLeaks/]: Server Player Logout: 4
[14Sep2025 03:52:26.342] [Server thread/INFO] [dev.uncandango.alltheleaks.AllTheLeaks/]: Listing memory leaks so far...
[14Sep2025 03:52:26.342] [Server thread/INFO] [dev.uncandango.alltheleaks.AllTheLeaks/]: B: 2401MB / C: 3457MB / Diff: +1056MB
[14Sep2025 03:52:26.343] [Server thread/INFO] [dev.uncandango.alltheleaks.AllTheLeaks/]: Memory Leaks detected: (/atl force_refresh to update)
[14Sep2025 03:52:26.343] [Server thread/INFO] [dev.uncandango.alltheleaks.AllTheLeaks/]: | Player:
[14Sep2025 03:52:26.343] [Server thread/INFO] [dev.uncandango.alltheleaks.AllTheLeaks/]: |- ServerPlayer (minecraft): 4
[14Sep2025 03:52:26.343] [Server thread/INFO] [dev.uncandango.alltheleaks.AllTheLeaks/]: | ChunkAccess:
[14Sep2025 03:52:26.343] [Server thread/INFO] [dev.uncandango.alltheleaks.AllTheLeaks/]: |- LevelChunk (minecraft): 3952
[14Sep2025 04:02:26.396] [Server thread/INFO] [dev.uncandango.alltheleaks.AllTheLeaks/]: Listing events...
[14Sep2025 04:02:26.396] [Server thread/INFO] [dev.uncandango.alltheleaks.AllTheLeaks/]: Server Player Clone: 3
[14Sep2025 04:02:26.396] [Server thread/INFO] [dev.uncandango.alltheleaks.AllTheLeaks/]:   Invalid Cloned Players: 3
[14Sep2025 04:02:26.396] [Server thread/INFO] [dev.uncandango.alltheleaks.AllTheLeaks/]: Server Player Logout: 4
[14Sep2025 04:02:26.396] [Server thread/INFO] [dev.uncandango.alltheleaks.AllTheLeaks/]: Listing memory leaks so far...
[14Sep2025 04:02:26.396] [Server thread/INFO] [dev.uncandango.alltheleaks.AllTheLeaks/]: B: 2401MB / C: 3480MB / Diff: +1079MB
[14Sep2025 04:02:26.396] [Server thread/INFO] [dev.uncandango.alltheleaks.AllTheLeaks/]: Memory Leaks detected: (/atl force_refresh to update)
[14Sep2025 04:02:26.396] [Server thread/INFO] [dev.uncandango.alltheleaks.AllTheLeaks/]: | Player:
[14Sep2025 04:02:26.396] [Server thread/INFO] [dev.uncandango.alltheleaks.AllTheLeaks/]: |- ServerPlayer (minecraft): 4
[14Sep2025 04:02:26.397] [Server thread/INFO] [dev.uncandango.alltheleaks.AllTheLeaks/]: | ChunkAccess:
[14Sep2025 04:02:26.397] [Server thread/INFO] [dev.uncandango.alltheleaks.AllTheLeaks/]: |- LevelChunk (minecraft): 3952
[14Sep2025 04:09:07.142] [Server thread/INFO] [net.minecraft.server.network.ServerGamePacketListenerImpl/]: PandaTrabuco lost connection: Disconnected
[14Sep2025 04:09:07.143] [Server thread/INFO] [net.minecraft.server.MinecraftServer/]: PandaTrabuco left the game
[14Sep2025 04:09:07.143] [Server thread/INFO] [voicechat/]: [voicechat] Disconnecting client PandaTrabuco
[14Sep2025 04:10:40.494] [Server thread/INFO] [net.minecraft.server.network.ServerGamePacketListenerImpl/]: DobleTonkaa lost connection: Disconnected
[14Sep2025 04:10:40.494] [Server thread/INFO] [net.minecraft.server.MinecraftServer/]: DobleTonkaa left the game
[14Sep2025 04:10:40.495] [Server thread/INFO] [voicechat/]: [voicechat] Disconnecting client DobleTonkaa
[14Sep2025 04:11:41.432] [Server thread/INFO] [net.minecraft.server.MinecraftServer/]: Stopping the server
[14Sep2025 04:11:41.485] [pool-15-thread-1/INFO] [com.dairymoose.modernlife.core.ModernLifeCommon/]: Stopping PendingImageUpdateThread
[14Sep2025 04:11:41.486] [pool-5-thread-1/ERROR] [com.dairymoose.modernlife.core.ModernLifeCommon/]: Interrupted during recomputeThreadpool wait
java.lang.InterruptedException: sleep interrupted
	at java.lang.Thread.sleep(Native Method) ~[?:?]
	at com.dairymoose.modernlife.core.ModernLifeCommon$2.run(ModernLifeCommon.java:695) ~[modernlife-1.20.1-1.76.jar%23495!/:1.20.1-1.76]
	at java.util.concurrent.Executors$RunnableAdapter.call(Executors.java:539) ~[?:?]
	at java.util.concurrent.FutureTask.run(FutureTask.java:264) ~[?:?]
	at java.util.concurrent.ThreadPoolExecutor.runWorker(ThreadPoolExecutor.java:1136) ~[?:?]
	at java.util.concurrent.ThreadPoolExecutor$Worker.run(ThreadPoolExecutor.java:635) ~[?:?]
	at java.lang.Thread.run(Thread.java:840) ~[?:?]
[14Sep2025 04:11:41.505] [Server thread/INFO] [net.minecraft.server.MinecraftServer/]: Stopping server
[14Sep2025 04:11:41.506] [Server thread/INFO] [net.minecraft.server.MinecraftServer/]: Saving players
[14Sep2025 04:11:41.506] [Server thread/INFO] [net.minecraft.server.MinecraftServer/]: Saving worlds
[14Sep2025 04:11:41.702] [Server thread/INFO] [net.minecraft.server.MinecraftServer/]: Saving chunks for level 'ServerLevel[world]'/minecraft:overworld
[14Sep2025 04:11:42.342] [Server thread/INFO] [net.minecraft.server.MinecraftServer/]: Saving chunks for level 'ServerLevel[world]'/witherstormmod:bowels
[14Sep2025 04:11:42.345] [Server thread/INFO] [net.minecraft.server.MinecraftServer/]: Saving chunks for level 'ServerLevel[world]'/deeperdarker:otherside
[14Sep2025 04:11:42.346] [Server thread/INFO] [net.minecraft.server.MinecraftServer/]: Saving chunks for level 'ServerLevel[world]'/minecraft:the_end
[14Sep2025 04:11:42.348] [Server thread/INFO] [net.minecraft.server.MinecraftServer/]: Saving chunks for level 'ServerLevel[world]'/minecraft:the_nether
[14Sep2025 04:11:42.349] [Server thread/INFO] [net.minecraft.server.MinecraftServer/]: Saving chunks for level 'ServerLevel[world]'/tropicraft:tropics
[14Sep2025 04:11:42.447] [Server thread/INFO] [net.minecraft.server.MinecraftServer/]: ThreadedAnvilChunkStorage (world): All chunks are saved
[14Sep2025 04:11:42.448] [Server thread/INFO] [net.minecraft.server.MinecraftServer/]: ThreadedAnvilChunkStorage (bowels): All chunks are saved
[14Sep2025 04:11:42.448] [Server thread/INFO] [net.minecraft.server.MinecraftServer/]: ThreadedAnvilChunkStorage (otherside): All chunks are saved
[14Sep2025 04:11:42.448] [Server thread/INFO] [net.minecraft.server.MinecraftServer/]: ThreadedAnvilChunkStorage (DIM1): All chunks are saved
[14Sep2025 04:11:42.448] [Server thread/INFO] [net.minecraft.server.MinecraftServer/]: ThreadedAnvilChunkStorage (DIM-1): All chunks are saved
[14Sep2025 04:11:42.449] [Server thread/INFO] [net.minecraft.server.MinecraftServer/]: ThreadedAnvilChunkStorage (tropics): All chunks are saved
[14Sep2025 04:11:42.449] [Server thread/INFO] [net.minecraft.server.MinecraftServer/]: ThreadedAnvilChunkStorage: All dimensions are saved
[14Sep2025 04:11:45.102] [Server thread/INFO] [Framework/]: Unloading server configs...
[14Sep2025 04:11:45.107] [Server thread/INFO] [Framework/]: Sending config unload event for backpacked-common.toml
[14Sep2025 04:11:45.108] [Server thread/INFO] [Framework/]: Sending config unload event for backpacked-server.toml
[14Sep2025 04:11:45.109] [Server thread/INFO] [Framework/]: Sending config unload event for goblintraders-entities.toml
[14Sep2025 04:11:45.109] [Server thread/INFO] [Framework/]: Finished unloading server configs
[14Sep2025 04:11:45.232] [Server thread/INFO] [journeymap/]: Loading JourneyMap Forge Configs
